\BOOKMARK [0][-]{chapter*.2}{\376\377\000P\000r\000e\000s\000e\000n\000t\000a\000c\000i\000\363\000n}{}% 1
\BOOKMARK [-1][-]{part*.3}{\376\377\000P\000a\000r\000t\000e\000\040\000I\000:\000\040\000R\000\040\000b\000\341\000s\000i\000c\000o}{}% 2
\BOOKMARK [0][-]{chapter.1}{\376\377\000L\000o\000g\000\355\000s\000t\000i\000c\000a\000\040\000d\000e\000\040\000R}{part*.3}% 3
\BOOKMARK [1][-]{section.1.1}{\376\377\000C\000\363\000m\000o\000\040\000i\000n\000s\000t\000a\000l\000a\000r\000\040\000R\000\040\000y\000\040\000R\000S\000t\000u\000d\000i\000o}{chapter.1}% 4
\BOOKMARK [1][-]{section.1.2}{\376\377\000C\000\363\000m\000o\000\040\000g\000u\000a\000r\000d\000a\000r\000\040\000e\000l\000\040\000t\000r\000a\000b\000a\000j\000o\000\040\000r\000e\000a\000l\000i\000z\000a\000d\000o}{chapter.1}% 5
\BOOKMARK [1][-]{section.1.3}{\376\377\000C\000\363\000m\000o\000\040\000t\000r\000a\000b\000a\000j\000a\000r\000\040\000c\000o\000n\000\040\000g\000u\000i\000o\000n\000e\000s\000\040\000y\000\040\000o\000t\000r\000o\000s\000\040\000f\000i\000c\000h\000e\000r\000o\000s}{chapter.1}% 6
\BOOKMARK [1][-]{section.1.4}{\376\377\000C\000\363\000m\000o\000\040\000o\000b\000t\000e\000n\000e\000r\000\040\000a\000y\000u\000d\000a}{chapter.1}% 7
\BOOKMARK [1][-]{section.1.5}{\376\377\000C\000\363\000m\000o\000\040\000i\000n\000s\000t\000a\000l\000a\000r\000\040\000y\000\040\000c\000a\000r\000g\000a\000r\000\040\000p\000a\000q\000u\000e\000t\000e\000s}{chapter.1}% 8
\BOOKMARK [1][-]{section.1.6}{\376\377\000G\000u\000\355\000a\000\040\000r\000\341\000p\000i\000d\000a}{chapter.1}% 9
\BOOKMARK [0][-]{chapter.2}{\376\377\000L\000a\000\040\000c\000a\000l\000c\000u\000l\000a\000d\000o\000r\000a}{part*.3}% 10
\BOOKMARK [1][-]{section.2.1}{\376\377\000N\000\372\000m\000e\000r\000o\000s\000\040\000r\000e\000a\000l\000e\000s\000:\000\040\000o\000p\000e\000r\000a\000c\000i\000o\000n\000e\000s\000\040\000y\000\040\000f\000u\000n\000c\000i\000o\000n\000e\000s\000\040\000b\000\341\000s\000i\000c\000a\000s}{chapter.2}% 11
\BOOKMARK [1][-]{section.2.2}{\376\377\000C\000i\000f\000r\000a\000s\000\040\000s\000i\000g\000n\000i\000f\000i\000c\000a\000t\000i\000v\000a\000s\000\040\000y\000\040\000r\000e\000d\000o\000n\000d\000e\000o\000s}{chapter.2}% 12
\BOOKMARK [1][-]{section.2.3}{\376\377\000D\000e\000f\000i\000n\000i\000c\000i\000\363\000n\000\040\000d\000e\000\040\000v\000a\000r\000i\000a\000b\000l\000e\000s}{chapter.2}% 13
\BOOKMARK [1][-]{section.2.4}{\376\377\000D\000e\000f\000i\000n\000i\000c\000i\000\363\000n\000\040\000d\000e\000\040\000f\000u\000n\000c\000i\000o\000n\000e\000s}{chapter.2}% 14
\BOOKMARK [1][-]{section.2.5}{\376\377\000N\000\372\000m\000e\000r\000o\000s\000\040\000c\000o\000m\000p\000l\000e\000j\000o\000s\000\040\000\050\000o\000p\000c\000i\000o\000n\000a\000l\000\051}{chapter.2}% 15
\BOOKMARK [1][-]{section.2.6}{\376\377\000G\000u\000\355\000a\000\040\000r\000\341\000p\000i\000d\000a}{chapter.2}% 16
\BOOKMARK [1][-]{section.2.7}{\376\377\000E\000j\000e\000r\000c\000i\000c\000i\000o\000s}{chapter.2}% 17
\BOOKMARK [0][-]{chapter.3}{\376\377\000U\000n\000\040\000a\000p\000e\000r\000i\000t\000i\000v\000o\000:\000\040\000I\000n\000t\000r\000o\000d\000u\000c\000c\000i\000\363\000n\000\040\000a\000\040\000l\000a\000\040\000r\000e\000g\000r\000e\000s\000i\000\363\000n\000\040\000l\000i\000n\000e\000a\000l}{part*.3}% 18
\BOOKMARK [1][-]{section.3.1}{\376\377\000C\000\341\000l\000c\000u\000l\000o\000\040\000d\000e\000\040\000r\000e\000c\000t\000a\000s\000\040\000d\000e\000\040\000r\000e\000g\000r\000e\000s\000i\000\363\000n}{chapter.3}% 19
\BOOKMARK [1][-]{section.3.2}{\376\377\000R\000e\000c\000t\000a\000s\000\040\000d\000e\000\040\000r\000e\000g\000r\000e\000s\000i\000\363\000n\000\040\000y\000\040\000t\000r\000a\000n\000s\000f\000o\000r\000m\000a\000c\000i\000o\000n\000e\000s\000\040\000l\000o\000g\000a\000r\000\355\000t\000m\000i\000c\000a\000s}{chapter.3}% 20
\BOOKMARK [1][-]{section.3.3}{\376\377\000G\000u\000\355\000a\000\040\000r\000\341\000p\000i\000d\000a}{chapter.3}% 21
\BOOKMARK [1][-]{section.3.4}{\376\377\000E\000j\000e\000r\000c\000i\000c\000i\000o\000s}{chapter.3}% 22
\BOOKMARK [0][-]{chapter.4}{\376\377\000V\000e\000c\000t\000o\000r\000e\000s\000\040\000y\000\040\000o\000t\000r\000o\000s\000\040\000t\000i\000p\000o\000s\000\040\000d\000e\000\040\000l\000i\000s\000t\000a\000s}{part*.3}% 23
\BOOKMARK [1][-]{section.4.1}{\376\377\000C\000o\000n\000s\000t\000r\000u\000c\000c\000i\000\363\000n\000\040\000d\000e\000\040\000v\000e\000c\000t\000o\000r\000e\000s}{chapter.4}% 24
\BOOKMARK [1][-]{section.4.2}{\376\377\000O\000p\000e\000r\000a\000c\000i\000o\000n\000e\000s\000\040\000c\000o\000n\000\040\000v\000e\000c\000t\000o\000r\000e\000s}{chapter.4}% 25
\BOOKMARK [1][-]{section.4.3}{\376\377\000E\000n\000t\000r\000a\000d\000a\000s\000\040\000y\000\040\000t\000r\000o\000z\000o\000s\000\040\000d\000e\000\040\000v\000e\000c\000t\000o\000r\000e\000s}{chapter.4}% 26
\BOOKMARK [1][-]{section.4.4}{\376\377\000F\000a\000c\000t\000o\000r\000e\000s}{chapter.4}% 27
\BOOKMARK [1][-]{section.4.5}{\376\377\000L\000i\000s\000t\000a\000s\000\040\000h\000e\000t\000e\000r\000o\000g\000\351\000n\000e\000a\000s}{chapter.4}% 28
\BOOKMARK [1][-]{section.4.6}{\376\377\000G\000u\000\355\000a\000\040\000r\000\341\000p\000i\000d\000a\000\040\000d\000e\000\040\000f\000u\000n\000c\000i\000o\000n\000e\000s}{chapter.4}% 29
\BOOKMARK [1][-]{section.4.7}{\376\377\000E\000j\000e\000r\000c\000i\000c\000i\000o\000s}{chapter.4}% 30
\BOOKMARK [0][-]{chapter.5}{\376\377\000M\000a\000t\000r\000i\000c\000e\000s}{part*.3}% 31
\BOOKMARK [1][-]{section.5.1}{\376\377\000C\000o\000n\000s\000t\000r\000u\000c\000c\000i\000\363\000n\000\040\000d\000e\000\040\000m\000a\000t\000r\000i\000c\000e\000s}{chapter.5}% 32
\BOOKMARK [1][-]{section.5.2}{\376\377\000A\000c\000c\000e\000s\000o\000\040\000a\000\040\000e\000n\000t\000r\000a\000d\000a\000s\000\040\000y\000\040\000s\000u\000b\000m\000a\000t\000r\000i\000c\000e\000s}{chapter.5}% 33
\BOOKMARK [1][-]{section.5.3}{\376\377\000A\000l\000g\000u\000n\000a\000s\000\040\000f\000u\000n\000c\000i\000o\000n\000e\000s\000\040\000p\000a\000r\000a\000\040\000m\000a\000t\000r\000i\000c\000e\000s}{chapter.5}% 34
\BOOKMARK [1][-]{section.5.4}{\376\377\000C\000\341\000l\000c\000u\000l\000o\000\040\000m\000a\000t\000r\000i\000c\000i\000a\000l}{chapter.5}% 35
\BOOKMARK [1][-]{section.5.5}{\376\377\000V\000a\000l\000o\000r\000e\000s\000\040\000y\000\040\000v\000e\000c\000t\000o\000r\000e\000s\000\040\000p\000r\000o\000p\000i\000o\000s}{chapter.5}% 36
\BOOKMARK [1][-]{section.5.6}{\376\377\000M\000a\000t\000r\000i\000c\000e\000s\000\040\000c\000o\000m\000p\000l\000e\000j\000a\000s\000\040\000\050\000o\000p\000c\000i\000o\000n\000a\000l\000\051}{chapter.5}% 37
\BOOKMARK [1][-]{section.5.7}{\376\377\000G\000u\000\355\000a\000\040\000r\000\341\000p\000i\000d\000a\000\040\000d\000e\000\040\000f\000u\000n\000c\000i\000o\000n\000e\000s}{chapter.5}% 38
\BOOKMARK [1][-]{section.5.8}{\376\377\000E\000j\000e\000r\000c\000i\000c\000i\000o\000s}{chapter.5}% 39
\BOOKMARK [0][-]{chapter.6}{\376\377\000D\000a\000t\000a\000\040\000f\000r\000a\000m\000e\000s}{part*.3}% 40
\BOOKMARK [1][-]{section.6.1}{\376\377\000E\000s\000t\000r\000u\000c\000t\000u\000r\000a\000\040\000d\000e\000\040\000u\000n\000\040\000d\000a\000t\000a\000\040\000f\000r\000a\000m\000e}{chapter.6}% 41
\BOOKMARK [1][-]{section.6.2}{\376\377\000C\000\363\000m\000o\000\040\000i\000m\000p\000o\000r\000t\000a\000r\000\040\000y\000\040\000e\000x\000p\000o\000r\000t\000a\000r\000\040\000d\000a\000t\000a\000\040\000f\000r\000a\000m\000e\000s}{chapter.6}% 42
\BOOKMARK [1][-]{section.6.3}{\376\377\000C\000\363\000m\000o\000\040\000c\000r\000e\000a\000r\000\040\000d\000a\000t\000a\000\040\000f\000r\000a\000m\000e\000s}{chapter.6}% 43
\BOOKMARK [1][-]{section.6.4}{\376\377\000C\000\363\000m\000o\000\040\000m\000o\000d\000i\000f\000i\000c\000a\000r\000\040\000u\000n\000\040\000d\000a\000t\000a\000\040\000f\000r\000a\000m\000e}{chapter.6}% 44
\BOOKMARK [1][-]{section.6.5}{\376\377\000C\000\363\000m\000o\000\040\000a\000\361\000a\000d\000i\000r\000\040\000f\000i\000l\000a\000s\000\040\000y\000\040\000c\000o\000l\000u\000m\000n\000a\000s\000\040\000a\000\040\000u\000n\000\040\000d\000a\000t\000a\000\040\000f\000r\000a\000m\000e}{chapter.6}% 45
\BOOKMARK [1][-]{section.6.6}{\376\377\000C\000\363\000m\000o\000\040\000s\000e\000l\000e\000c\000c\000i\000o\000n\000a\000r\000\040\000t\000r\000o\000z\000o\000s\000\040\000d\000e\000\040\000u\000n\000\040\000d\000a\000t\000a\000\040\000f\000r\000a\000m\000e}{chapter.6}% 46
\BOOKMARK [1][-]{section.6.7}{\376\377\000C\000\363\000m\000o\000\040\000a\000p\000l\000i\000c\000a\000r\000\040\000u\000n\000a\000\040\000f\000u\000n\000c\000i\000\363\000n\000\040\000a\000\040\000l\000a\000s\000\040\000v\000a\000r\000i\000a\000b\000l\000e\000s\000\040\000d\000e\000\040\000u\000n\000\040\000d\000a\000t\000a\000\040\000f\000r\000a\000m\000e}{chapter.6}% 47
\BOOKMARK [1][-]{section.6.8}{\376\377\000C\000\363\000m\000o\000\040\000a\000\361\000a\000d\000i\000r\000\040\000l\000a\000s\000\040\000v\000a\000r\000i\000a\000b\000l\000e\000s\000\040\000d\000e\000\040\000u\000n\000\040\000d\000a\000t\000a\000\040\000f\000r\000a\000m\000e\000\040\000a\000l\000\040\000e\000n\000t\000o\000r\000n\000o\000\040\000g\000l\000o\000b\000a\000l}{chapter.6}% 48
\BOOKMARK [1][-]{section.6.9}{\376\377\000G\000u\000\355\000a\000\040\000r\000\341\000p\000i\000d\000a\000\040\000d\000e\000\040\000f\000u\000n\000c\000i\000o\000n\000e\000s}{chapter.6}% 49
\BOOKMARK [1][-]{section.6.10}{\376\377\000E\000j\000e\000r\000c\000i\000c\000i\000o\000s}{chapter.6}% 50
\BOOKMARK [0][-]{chapter.7}{\376\377\000G\000r\000\341\000f\000i\000c\000o\000s\000\040\000b\000\341\000s\000i\000c\000o\000s}{part*.3}% 51
\BOOKMARK [1][-]{section.7.1}{\376\377\000L\000a\000\040\000f\000u\000n\000c\000i\000\363\000n\000\040\000p\000l\000o\000t}{chapter.7}% 52
\BOOKMARK [1][-]{section.7.2}{\376\377\000P\000a\000r\000\341\000m\000e\000t\000r\000o\000s\000\040\000d\000e\000\040\000p\000l\000o\000t}{chapter.7}% 53
\BOOKMARK [1][-]{section.7.3}{\376\377\000C\000\363\000m\000o\000\040\000a\000\361\000a\000d\000i\000r\000\040\000e\000l\000e\000m\000e\000n\000t\000o\000s\000\040\000a\000\040\000u\000n\000\040\000g\000r\000\341\000f\000i\000c\000o}{chapter.7}% 54
\BOOKMARK [1][-]{section.7.4}{\376\377\000G\000u\000\355\000a\000\040\000r\000\341\000p\000i\000d\000a}{chapter.7}% 55
\BOOKMARK [1][-]{section.7.5}{\376\377\000E\000j\000e\000r\000c\000i\000c\000i\000o\000s}{chapter.7}% 56
\BOOKMARK [0][-]{chapter.8}{\376\377\000E\000s\000t\000r\000u\000c\000t\000u\000r\000a\000s\000\040\000d\000e\000\040\000c\000o\000n\000t\000r\000o\000l\000\040\000b\000\341\000s\000i\000c\000a\000s}{part*.3}% 57
\BOOKMARK [1][-]{section.8.1}{\376\377\000B\000u\000c\000l\000e\000s\000\040\000d\000e\000\040\000t\000i\000p\000o\000\040\000`\000`\000f\000o\000r\000'\000'}{chapter.8}% 58
\BOOKMARK [1][-]{section.8.2}{\376\377\000B\000u\000c\000l\000e\000s\000\040\000d\000e\000\040\000t\000i\000p\000o\000\040\000`\000`\000w\000h\000i\000l\000e\000'\000'}{chapter.8}% 59
\BOOKMARK [1][-]{section.8.3}{\376\377\000E\000s\000t\000r\000u\000c\000t\000u\000r\000a\000s\000\040\000c\000o\000n\000d\000i\000c\000i\000o\000n\000a\000l\000e\000s}{chapter.8}% 60
\BOOKMARK [1][-]{section.8.4}{\376\377\000G\000u\000\355\000a\000\040\000r\000\341\000p\000i\000d\000a\000\040\000d\000e\000\040\000f\000u\000n\000c\000i\000o\000n\000e\000s}{chapter.8}% 61
\BOOKMARK [1][-]{section.8.5}{\376\377\000E\000j\000e\000r\000c\000i\000c\000i\000o\000s}{chapter.8}% 62
\BOOKMARK [0][-]{chapter.9}{\376\377\000D\000i\000s\000t\000r\000i\000b\000u\000c\000i\000o\000n\000e\000s\000\040\000d\000e\000\040\000p\000r\000o\000b\000a\000b\000i\000l\000i\000d\000a\000d}{part*.3}% 63
\BOOKMARK [1][-]{section.9.1}{\376\377\000E\000j\000e\000r\000c\000i\000c\000i\000o\000s}{chapter.9}% 64
\BOOKMARK [-1][-]{part*.27}{\376\377\000P\000a\000r\000t\000e\000\040\000I\000I\000:\000\040\000E\000s\000t\000a\000d\000\355\000s\000t\000i\000c\000a\000\040\000d\000e\000s\000c\000r\000i\000p\000t\000i\000v\000a}{}% 65
\BOOKMARK [0][-]{chapter.10}{\376\377\000D\000e\000s\000c\000r\000i\000p\000c\000i\000\363\000n\000\040\000d\000e\000\040\000d\000a\000t\000o\000s\000\040\000c\000u\000a\000l\000i\000t\000a\000t\000i\000v\000o\000s}{part*.27}% 66
\BOOKMARK [1][-]{section.10.1}{\376\377\000F\000r\000e\000c\000u\000e\000n\000c\000i\000a\000s}{chapter.10}% 67
\BOOKMARK [1][-]{section.10.2}{\376\377\000T\000a\000b\000l\000a\000s\000\040\000u\000n\000i\000d\000i\000m\000e\000n\000s\000i\000o\000n\000a\000l\000e\000s\000\040\000d\000e\000\040\000f\000r\000e\000c\000u\000e\000n\000c\000i\000a\000s}{chapter.10}% 68
\BOOKMARK [1][-]{section.10.3}{\376\377\000T\000a\000b\000l\000a\000s\000\040\000b\000i\000d\000i\000m\000e\000n\000s\000i\000o\000n\000a\000l\000e\000s\000\040\000d\000e\000\040\000f\000r\000e\000c\000u\000e\000n\000c\000i\000a\000s}{chapter.10}% 69
\BOOKMARK [1][-]{section.10.4}{\376\377\000T\000a\000b\000l\000a\000s\000\040\000m\000u\000l\000t\000i\000d\000i\000m\000e\000n\000s\000i\000o\000n\000a\000l\000e\000s\000\040\000d\000e\000\040\000f\000r\000e\000c\000u\000e\000n\000c\000i\000a\000s}{chapter.10}% 70
\BOOKMARK [1][-]{section.10.5}{\376\377\000T\000a\000b\000l\000a\000s\000\040\000a\000\040\000p\000a\000r\000t\000i\000r\000\040\000d\000e\000\040\000d\000a\000t\000a\000\040\000f\000r\000a\000m\000e\000s\000\040\000d\000e\000\040\000v\000a\000r\000i\000a\000b\000l\000e\000s\000\040\000c\000u\000a\000l\000i\000t\000a\000t\000i\000v\000a\000s}{chapter.10}% 71
\BOOKMARK [1][-]{section.10.6}{\376\377\000D\000i\000a\000g\000r\000a\000m\000a\000s\000\040\000d\000e\000\040\000b\000a\000r\000r\000a\000s}{chapter.10}% 72
\BOOKMARK [1][-]{section.10.7}{\376\377\000O\000t\000r\000o\000s\000\040\000g\000r\000\341\000f\000i\000c\000o\000s\000\040\000p\000a\000r\000a\000\040\000d\000a\000t\000o\000s\000\040\000c\000u\000a\000l\000i\000t\000a\000t\000i\000v\000o\000s}{chapter.10}% 73
\BOOKMARK [1][-]{section.10.8}{\376\377\000U\000n\000\040\000e\000j\000e\000m\000p\000l\000o\000\040\000c\000o\000m\000p\000l\000e\000t\000o}{chapter.10}% 74
\BOOKMARK [1][-]{section.10.9}{\376\377\000G\000u\000\355\000a\000\040\000r\000\341\000p\000i\000d\000a\000\040\000d\000e\000\040\000f\000u\000n\000c\000i\000o\000n\000e\000s}{chapter.10}% 75
\BOOKMARK [1][-]{section.10.10}{\376\377\000E\000j\000e\000r\000c\000i\000c\000i\000o\000s}{chapter.10}% 76
\BOOKMARK [0][-]{chapter.11}{\376\377\000D\000e\000s\000c\000r\000i\000p\000c\000i\000\363\000n\000\040\000d\000e\000\040\000d\000a\000t\000o\000s\000\040\000o\000r\000d\000i\000n\000a\000l\000e\000s}{part*.27}% 77
\BOOKMARK [1][-]{section.11.1}{\376\377\000F\000r\000e\000c\000u\000e\000n\000c\000i\000a\000s\000\040\000p\000a\000r\000a\000\040\000d\000a\000t\000o\000s\000\040\000o\000r\000d\000i\000n\000a\000l\000e\000s}{chapter.11}% 78
\BOOKMARK [1][-]{section.11.2}{\376\377\000D\000e\000s\000c\000r\000i\000p\000c\000i\000\363\000n\000\040\000d\000e\000\040\000d\000a\000t\000o\000s\000\040\000o\000r\000d\000i\000n\000a\000l\000e\000s\000\040\000c\000o\000n\000\040\000R}{chapter.11}% 79
\BOOKMARK [1][-]{section.11.3}{\376\377\000G\000u\000\355\000a\000\040\000r\000\341\000p\000i\000d\000a\000\040\000d\000e\000\040\000f\000u\000n\000c\000i\000o\000n\000e\000s}{chapter.11}% 80
\BOOKMARK [1][-]{section.11.4}{\376\377\000E\000j\000e\000r\000c\000i\000c\000i\000o\000s}{chapter.11}% 81
\BOOKMARK [0][-]{chapter.12}{\376\377\000D\000e\000s\000c\000r\000i\000p\000c\000i\000\363\000n\000\040\000d\000e\000\040\000d\000a\000t\000o\000s\000\040\000c\000u\000a\000n\000t\000i\000t\000a\000t\000i\000v\000o\000s}{part*.27}% 82
\BOOKMARK [1][-]{section.12.1}{\376\377\000F\000r\000e\000c\000u\000e\000n\000c\000i\000a\000s}{chapter.12}% 83
\BOOKMARK [1][-]{section.12.2}{\376\377\000M\000e\000d\000i\000d\000a\000s\000\040\000d\000e\000\040\000t\000e\000n\000d\000e\000n\000c\000i\000a\000\040\000c\000e\000n\000t\000r\000a\000l}{chapter.12}% 84
\BOOKMARK [1][-]{section.12.3}{\376\377\000M\000e\000d\000i\000d\000a\000s\000\040\000d\000e\000\040\000p\000o\000s\000i\000c\000i\000\363\000n}{chapter.12}% 85
\BOOKMARK [1][-]{section.12.4}{\376\377\000M\000e\000d\000i\000d\000a\000s\000\040\000d\000e\000\040\000d\000i\000s\000p\000e\000r\000s\000i\000\363\000n}{chapter.12}% 86
\BOOKMARK [1][-]{section.12.5}{\376\377\000D\000i\000a\000g\000r\000a\000m\000a\000s\000\040\000d\000e\000\040\000c\000a\000j\000a}{chapter.12}% 87
\BOOKMARK [1][-]{section.12.6}{\376\377\000G\000u\000\355\000a\000\040\000r\000\341\000p\000i\000d\000a\000\040\000d\000e\000\040\000f\000u\000n\000c\000i\000o\000n\000e\000s}{chapter.12}% 88
\BOOKMARK [1][-]{section.12.7}{\376\377\000E\000j\000e\000r\000c\000i\000c\000i\000o\000s}{chapter.12}% 89
\BOOKMARK [0][-]{chapter.13}{\376\377\000D\000a\000t\000o\000s\000\040\000c\000u\000a\000n\000t\000i\000t\000a\000t\000i\000v\000o\000s\000\040\000a\000g\000r\000u\000p\000a\000d\000o\000s}{part*.27}% 90
\BOOKMARK [1][-]{section.13.1}{\376\377\000C\000\363\000m\000o\000\040\000a\000g\000r\000u\000p\000a\000r\000\040\000d\000a\000t\000o\000s}{chapter.13}% 91
\BOOKMARK [1][-]{section.13.2}{\376\377\000A\000g\000r\000u\000p\000a\000m\000i\000e\000n\000t\000o\000\040\000d\000e\000\040\000d\000a\000t\000o\000s\000\040\000c\000o\000n\000\040\000R}{chapter.13}% 92
\BOOKMARK [1][-]{section.13.3}{\376\377\000E\000s\000t\000a\000d\000\355\000s\000t\000i\000c\000o\000s\000\040\000p\000a\000r\000a\000\040\000d\000a\000t\000o\000s\000\040\000a\000g\000r\000u\000p\000a\000d\000o\000s}{chapter.13}% 93
\BOOKMARK [1][-]{section.13.4}{\376\377\000H\000i\000s\000t\000o\000g\000r\000a\000m\000a\000s}{chapter.13}% 94
\BOOKMARK [1][-]{section.13.5}{\376\377\000G\000u\000\355\000a\000\040\000r\000\341\000p\000i\000d\000a\000\040\000d\000e\000\040\000f\000u\000n\000c\000i\000o\000n\000e\000s}{chapter.13}% 95
\BOOKMARK [1][-]{section.13.6}{\376\377\000E\000j\000e\000r\000c\000i\000c\000i\000o\000s}{chapter.13}% 96
\BOOKMARK [0][-]{chapter.14}{\376\377\000G\000r\000\341\000f\000i\000c\000o\000s\000\040\000a\000v\000a\000n\000z\000a\000d\000o\000s}{part*.27}% 97
\BOOKMARK [1][-]{section.14.1}{\376\377\000N\000u\000b\000e\000s\000\040\000d\000e\000\040\000p\000a\000l\000a\000b\000r\000a\000s\000\040\000o\000\040\000d\000e\000\040\000e\000t\000i\000q\000u\000e\000t\000a\000s\000\040\000\050\000w\000o\000r\000d\000\040\000c\000l\000o\000u\000d\000s\000\051}{chapter.14}% 98
\BOOKMARK [1][-]{section.14.2}{\376\377\000M\000a\000p\000a\000\040\000d\000e\000\040\000c\000a\000l\000o\000r\000\040\000o\000\040\000h\000e\000a\000t\000m\000a\000p}{chapter.14}% 99
\BOOKMARK [1][-]{section.14.3}{\376\377\000D\000e\000n\000d\000r\000o\000g\000r\000a\000m\000a\000s}{chapter.14}% 100
\BOOKMARK [1][-]{section.14.4}{\376\377\000G\000r\000\341\000f\000i\000c\000o\000s\000\040\000d\000e\000\040\000b\000u\000r\000b\000u\000j\000a\000s\000\040\000o\000\040\000b\000u\000b\000b\000l\000e\000s}{chapter.14}% 101
\BOOKMARK [1][-]{section.14.5}{\376\377\000G\000r\000\341\000f\000i\000c\000o\000s\000\040\000d\000e\000\040\000c\000o\000r\000r\000i\000e\000n\000t\000e\000s\000\040\000o\000\040\000s\000t\000r\000e\000a\000m\000g\000r\000a\000p\000h\000s}{chapter.14}% 102
\BOOKMARK [1][-]{section.14.6}{\376\377\000G\000u\000\355\000a\000\040\000r\000\341\000p\000i\000d\000a}{chapter.14}% 103
